16:39:45.597 [main                     ] DEBUG Logger               - Configured Logger
16:39:45.617 [main                     ] DEBUG GameApplication      - Logging settings
Title: Fantasy Hospital
Version: 1.0
Width: 800
Height: 600
Fullscreen: false
Intro: false
Profiling: false
Single step:false
App Mode: DEVELOPER
Menu Key: ESCAPE
Stage Style: DECORATED
Scene Factory: class com.almasb.fxgl.app.scene.SceneFactory

16:39:46.314 [JavaFX Application Thread] DEBUG FXGLApplication      - Initializing FXGL
16:39:46.318 [JavaFX Application Thread] INFO  Engine               - FXGL-17.3 (30.03.2023 11.49) on LINUX (J:22.0.1 FX:22-ea)
16:39:46.318 [JavaFX Application Thread] DEBUG Engine               - JRE Vendor Name: Oracle Corporation
16:39:46.318 [JavaFX Application Thread] DEBUG Engine               - Running on OS: Linux version 5.15.0-113-generic
16:39:46.318 [JavaFX Application Thread] DEBUG Engine               - Architecture: amd64
16:39:46.318 [JavaFX Application Thread] INFO  Engine               - Source code and latest versions at: https://github.com/AlmasB/FXGL
16:39:46.318 [JavaFX Application Thread] INFO  Engine               -       Ask questions and discuss at: https://github.com/AlmasB/FXGL/discussions
16:39:46.319 [JavaFX Application Thread] INFO  Engine               -              Join the FXGL chat at: https://gitter.im/AlmasB/FXGL
16:39:46.450 [JavaFX Application Thread] DEBUG PrimaryStageWindow   - Creating a JavaFX scene
16:39:46.691 [JavaFX Application Thread] DEBUG PrimaryStageWindow   - Target settings size: 800.0 x 600.0
16:39:46.692 [JavaFX Application Thread] DEBUG PrimaryStageWindow   - Scaled scene size:    800.0 x 600.0
16:39:46.692 [JavaFX Application Thread] DEBUG PrimaryStageWindow   - Scaled ratio: (1.0, 1.0)
16:39:46.692 [JavaFX Application Thread] DEBUG PrimaryStageWindow   - Set initial scene to FXGLStartupScene
16:39:46.694 [JavaFX Application Thread] DEBUG PrimaryStageWindow   - Opening main window
16:39:46.723 [JavaFX Application Thread] DEBUG PrimaryStageWindow   - Window border size: (0.948974609375, 35.0)
16:39:46.723 [JavaFX Application Thread] DEBUG PrimaryStageWindow   - Scaled size: 800.0 x 565.2123413085938
16:39:46.723 [JavaFX Application Thread] DEBUG PrimaryStageWindow   - Scaled ratio: (1.0, 0.9420205688476563)
16:39:46.723 [JavaFX Application Thread] DEBUG PrimaryStageWindow   - Scene size: 800.0 x 600.0
16:39:46.724 [JavaFX Application Thread] DEBUG PrimaryStageWindow   - Stage size: 800.948974609375 x 600.2123413085938
16:39:46.728 [FXGL Background Thread 1 ] DEBUG Engine               - Initializing environment variables
16:39:46.774 [FXGL Background Thread 1 ] DEBUG FXGLAssetLoaderServi - User app class for loading assets: class org.fantasy.hopitalfantastique.Main
16:39:46.774 [FXGL Background Thread 1 ] DEBUG GameApplicationServi - Applying CSS: fxgl_dark.css
16:39:46.776 [FXGL Background Thread 1 ] DEBUG FXGLAssetLoaderServi - Loading from file system: jar:file:///amuhome/m23006367/.m2/repository/com/github/almasb/fxgl/17.3/fxgl-17.3.jar!/fxglassets/ui/css/fxgl_dark.css
16:39:46.819 [FXGL Background Thread 1 ] DEBUG GameApplicationServi - Initializing application scenes
16:39:46.972 [FXGL Background Thread 1 ] DEBUG GameWorld            - Game world initialized
16:39:47.164 [FXGL Background Thread 1 ] DEBUG PhysicsWorld         - Physics world initialized: appHeight=600, physics.ppm=50,0
16:39:47.164 [FXGL Background Thread 1 ] DEBUG PhysicsWorld         - Using strategy: BRUTE_FORCE
16:39:47.166 [FXGL Background Thread 1 ] DEBUG GameScene            - Game scene initialized: 800x600
16:39:47.174 [FXGL Background Thread 1 ] DEBUG FXGL.DefaultMenu     - createMenuBodyGameMenu()
16:39:47.222 [FXGL Background Thread 1 ] DEBUG FXGL.DefaultMenu     - createOptionsMenu()
16:39:47.228 [FXGL Background Thread 1 ] DEBUG FXGLAssetLoaderServi - Loading from file system: jar:file:///amuhome/m23006367/.m2/repository/com/github/almasb/fxgl/17.3/fxgl-17.3.jar!/fxglassets/textures/particles/smoke.png
16:39:47.295 [FXGL Background Thread 1 ] DEBUG FXGLAssetLoaderServi - Loading from file system: jar:file:///amuhome/m23006367/.m2/repository/com/github/almasb/fxgl/17.3/fxgl-17.3.jar!/fxglassets/textures/particles/trace_horizontal.png
16:39:47.310 [FXGL Background Thread 1 ] DEBUG GameApplicationServi - Application scenes initialized
16:39:47.329 [FXGL Background Thread 1 ] DEBUG SystemBundleService  - Loading default FXGL system data
16:39:47.330 [FXGL Background Thread 1 ] DEBUG UpdaterService       - Checking for updates
16:39:47.332 [FXGL Background Thread 4 ] DEBUG FXGLApplication      - Loading fonts
16:39:47.332 [FXGL Background Thread 1 ] DEBUG FXGLApplication      - Loading default localization
16:39:47.333 [FXGL Background Thread 4 ] DEBUG FXGLAssetLoaderServi - Loading from file system: jar:file:///amuhome/m23006367/.m2/repository/com/github/almasb/fxgl/17.3/fxgl-17.3.jar!/fxglassets/ui/fonts/VarelaRound-Regular.ttf
16:39:47.333 [FXGL Background Thread 1 ] DEBUG FXGLAssetLoaderServi - Loading from file system: jar:file:///amuhome/m23006367/.m2/repository/com/github/almasb/fxgl/17.3/fxgl-17.3.jar!/fxglassets/languages/english.lang
16:39:47.339 [FXGL Background Thread 4 ] DEBUG FXGLAssetLoaderServi - Loading from file system: jar:file:///amuhome/m23006367/.m2/repository/com/github/almasb/fxgl/17.3/fxgl-17.3.jar!/fxglassets/ui/fonts/Abel-Regular.ttf
16:39:47.339 [FXGL Background Thread 4 ] DEBUG FXGLAssetLoaderServi - Loading from file system: jar:file:///amuhome/m23006367/.m2/repository/com/github/almasb/fxgl/17.3/fxgl-17.3.jar!/fxglassets/ui/fonts/TerminalLandMono-Regular.otf
16:39:47.340 [FXGL Background Thread 4 ] DEBUG FXGLAssetLoaderServi - Loading from file system: jar:file:///amuhome/m23006367/.m2/repository/com/github/almasb/fxgl/17.3/fxgl-17.3.jar!/fxglassets/ui/fonts/Courier-Prime.ttf
16:39:47.342 [JavaFX Application Thread] DEBUG FXGLApplication      - Registering font factories with UI factory
16:39:47.344 [FXGL Background Thread 1 ] INFO  FXGLApplication      - FXGL initialization took: 0,616 sec
16:39:47.344 [JavaFX Application Thread] DEBUG FXGLAssetLoaderServi - Loading from file system: jar:file:///amuhome/m23006367/.m2/repository/com/github/almasb/fxgl/17.3/fxgl-17.3.jar!/fxglassets/textures/fxgl_icon.png
16:39:47.357 [JavaFX Application Thread] DEBUG FXGLAssetLoaderServi - Loading from file system: jar:file:///amuhome/m23006367/.m2/repository/com/github/almasb/fxgl/17.3/fxgl-17.3.jar!/fxglassets/textures/fxgl_default_cursor.png
16:39:47.362 [JavaFX Application Thread] DEBUG Input                - Registered new binding: Screenshot - CTRL+8
16:39:47.363 [JavaFX Application Thread] DEBUG Input                - Registered new binding: System info dump - CTRL+9
16:39:47.363 [JavaFX Application Thread] DEBUG Input                - Registered new binding: Restart - CTRL+R
16:39:47.363 [JavaFX Application Thread] DEBUG Input                - Registered new binding: Toggle Debug Camera - CTRL+7
16:39:47.364 [JavaFX Application Thread] DEBUG LoopRunner           - Starting loop
16:39:47.364 [JavaFX Application Thread] DEBUG LoopRunner           - Initializing JavaFX AnimationTimerLoop
16:39:47.365 [JavaFX Application Thread] DEBUG GameApplicationServi - Starting new game
16:39:47.365 [JavaFX Application Thread] DEBUG Input                - Clearing active input actions
16:39:47.372 [JavaFX Application Thread] DEBUG GameApplicationServi - Removing overlay from FXGLStartupScene and adding to FXGLLoadingScene
16:39:47.373 [JavaFX Application Thread] DEBUG PrimaryStageWindow   - FXGLStartupScene -> FXGLLoadingScene
16:39:47.373 [JavaFX Application Thread] DEBUG GameApplicationServi - Clearing previous game
16:39:47.373 [JavaFX Application Thread] DEBUG GameScene            - Clearing game scene
16:39:47.373 [JavaFX Application Thread] DEBUG GameWorld            - Clearing game world
16:39:47.373 [JavaFX Application Thread] DEBUG PhysicsWorld         - Clearing physics world
16:39:47.374 [FXGL Background Thread 1 ] DEBUG FXGLApplication      - Initializing game
16:39:47.377 [FXGL Background Thread 1 ] INFO  FXGLApplication      - Game initialization took: 0,004 sec
16:39:47.573 [JavaFX Application Thread] DEBUG Input                - Clearing active input actions
16:39:47.578 [JavaFX Application Thread] DEBUG GameApplicationServi - Removing overlay from FXGLLoadingScene and adding to GameScene
16:39:47.578 [JavaFX Application Thread] DEBUG PrimaryStageWindow   - FXGLLoadingScene -> GameScene
16:39:47.831 [FXGL Background Thread 2 ] INFO  UpdaterService       - Your current version:  17.3
16:39:47.831 [FXGL Background Thread 2 ] INFO  UpdaterService       - Latest stable version: 21.1
16:39:50.331 [FXGL Background Thread 3 ] DEBUG Engine               - Logging environment variables
16:39:50.332 [FXGL Background Thread 3 ] DEBUG Engine               - achievements: []
16:39:50.333 [FXGL Background Thread 3 ] DEBUG Engine               - actualHeight: 600.16650390625
16:39:50.333 [FXGL Background Thread 3 ] DEBUG Engine               - actualHeightProperty: ReadOnlyDoubleProperty [value: 600.16650390625]
16:39:50.333 [FXGL Background Thread 3 ] DEBUG Engine               - actualWidth: 801.9973754882812
16:39:50.333 [FXGL Background Thread 3 ] DEBUG Engine               - actualWidthProperty: ReadOnlyDoubleProperty [value: 801.9973754882812]
16:39:50.333 [FXGL Background Thread 3 ] DEBUG Engine               - appIcon: fxgl_icon.png
16:39:50.334 [FXGL Background Thread 3 ] DEBUG Engine               - applicationMode: DEVELOPER
16:39:50.334 [FXGL Background Thread 3 ] DEBUG Engine               - cSSList: [fxgl_dark.css]
16:39:50.334 [FXGL Background Thread 3 ] DEBUG Engine               - collisionDetectionStrategy: BRUTE_FORCE
16:39:50.334 [FXGL Background Thread 3 ] DEBUG Engine               - configClass: Optional.empty
16:39:50.334 [FXGL Background Thread 3 ] DEBUG Engine               - credits: []
16:39:50.335 [FXGL Background Thread 3 ] DEBUG Engine               - defaultCursor: CursorInfo(imageName=fxgl_default_cursor.png, hotspotX=7.0, hotspotY=6.0)
16:39:50.335 [FXGL Background Thread 3 ] DEBUG Engine               - devBBoxColorProperty: ObjectProperty [value: 0xff0000ff]
16:39:50.335 [FXGL Background Thread 3 ] DEBUG Engine               - devEnableDebugCameraProperty: BooleanProperty [value: false]
16:39:50.336 [FXGL Background Thread 3 ] DEBUG Engine               - devSensorColorProperty: ObjectProperty [value: 0xffff00ff]
16:39:50.336 [FXGL Background Thread 3 ] DEBUG Engine               - devShowBBoxProperty: BooleanProperty [value: false]
16:39:50.336 [FXGL Background Thread 3 ] DEBUG Engine               - devShowPositionProperty: BooleanProperty [value: false]
16:39:50.336 [FXGL Background Thread 3 ] DEBUG Engine               - enabledMenuItems: []
16:39:50.336 [FXGL Background Thread 3 ] DEBUG Engine               - engineServices: [class com.almasb.fxgl.app.services.FXGLAssetLoaderService, class com.almasb.fxgl.app.FXGLApplication$GameApplicationService, class com.almasb.fxgl.app.services.FXGLDialogService, class com.almasb.fxgl.app.services.IOTaskExecutorService, class com.almasb.fxgl.io.FileSystemService, class com.almasb.fxgl.localization.LocalizationService, class com.almasb.fxgl.app.services.SystemBundleService, class com.almasb.fxgl.profile.SaveLoadService, class com.almasb.fxgl.ui.FXGLUIFactoryServiceProvider, class com.almasb.fxgl.ui.FXGLDialogFactoryServiceProvider, class com.almasb.fxgl.audio.AudioPlayer, class com.almasb.fxgl.notification.impl.NotificationServiceProvider, class com.almasb.fxgl.achievement.AchievementService, class com.almasb.fxgl.cutscene.CutsceneService, class com.almasb.fxgl.minigames.MiniGameService, class com.almasb.fxgl.net.NetService, class com.almasb.fxgl.app.services.UpdaterService, class com.almasb.fxgl.dev.DevService]
16:39:50.336 [FXGL Background Thread 3 ] DEBUG Engine               - fontGame: Abel-Regular.ttf
16:39:50.337 [FXGL Background Thread 3 ] DEBUG Engine               - fontMono: TerminalLandMono-Regular.otf
16:39:50.337 [FXGL Background Thread 3 ] DEBUG Engine               - fontSizeScaleUI: 1.0
16:39:50.337 [FXGL Background Thread 3 ] DEBUG Engine               - fontText: Courier-Prime.ttf
16:39:50.337 [FXGL Background Thread 3 ] DEBUG Engine               - fontUI: VarelaRound-Regular.ttf
16:39:50.337 [FXGL Background Thread 3 ] DEBUG Engine               - fullScreen: BooleanProperty [value: false]
16:39:50.337 [FXGL Background Thread 3 ] DEBUG Engine               - gameDifficulty: MEDIUM
16:39:50.337 [FXGL Background Thread 3 ] DEBUG Engine               - gameDifficultyProperty: ObjectProperty [value: MEDIUM]
16:39:50.338 [FXGL Background Thread 3 ] DEBUG Engine               - globalMusicVolume: 0.5
16:39:50.338 [FXGL Background Thread 3 ] DEBUG Engine               - globalMusicVolumeProperty: DoubleProperty [value: 0.5]
16:39:50.338 [FXGL Background Thread 3 ] DEBUG Engine               - globalSoundVolume: 0.5
16:39:50.338 [FXGL Background Thread 3 ] DEBUG Engine               - globalSoundVolumeProperty: DoubleProperty [value: 0.5]
16:39:50.339 [FXGL Background Thread 3 ] DEBUG Engine               - height: 600
16:39:50.339 [FXGL Background Thread 3 ] DEBUG Engine               - is3D: false
16:39:50.339 [FXGL Background Thread 3 ] DEBUG Engine               - isAndroid: false
16:39:50.339 [FXGL Background Thread 3 ] DEBUG Engine               - isBrowser: false
16:39:50.339 [FXGL Background Thread 3 ] DEBUG Engine               - isClickFeedbackEnabled: false
16:39:50.339 [FXGL Background Thread 3 ] DEBUG Engine               - isCloseConfirmation: false
16:39:50.339 [FXGL Background Thread 3 ] DEBUG Engine               - isDesktop: true
16:39:50.339 [FXGL Background Thread 3 ] DEBUG Engine               - isDeveloperMenuEnabled: false
16:39:50.340 [FXGL Background Thread 3 ] DEBUG Engine               - isEmbedded: false
16:39:50.340 [FXGL Background Thread 3 ] DEBUG Engine               - isEntityPreloadEnabled: true
16:39:50.340 [FXGL Background Thread 3 ] DEBUG Engine               - isExperimentalTiledLargeMap: false
16:39:50.340 [FXGL Background Thread 3 ] DEBUG Engine               - isFileSystemWriteAllowed: true
16:39:50.340 [FXGL Background Thread 3 ] DEBUG Engine               - isFullScreenAllowed: false
16:39:50.340 [FXGL Background Thread 3 ] DEBUG Engine               - isFullScreenFromStart: false
16:39:50.340 [FXGL Background Thread 3 ] DEBUG Engine               - isGameMenuEnabled: true
16:39:50.340 [FXGL Background Thread 3 ] DEBUG Engine               - isIOS: false
16:39:50.340 [FXGL Background Thread 3 ] DEBUG Engine               - isIntroEnabled: false
16:39:50.341 [FXGL Background Thread 3 ] DEBUG Engine               - isLinux: true
16:39:50.341 [FXGL Background Thread 3 ] DEBUG Engine               - isMac: false
16:39:50.341 [FXGL Background Thread 3 ] DEBUG Engine               - isMainMenuEnabled: false
16:39:50.341 [FXGL Background Thread 3 ] DEBUG Engine               - isManualResizeEnabled: false
16:39:50.341 [FXGL Background Thread 3 ] DEBUG Engine               - isMobile: false
16:39:50.341 [FXGL Background Thread 3 ] DEBUG Engine               - isNative: false
16:39:50.341 [FXGL Background Thread 3 ] DEBUG Engine               - isPauseMusicWhenMinimized: true
16:39:50.341 [FXGL Background Thread 3 ] DEBUG Engine               - isPreserveResizeRatio: false
16:39:50.341 [FXGL Background Thread 3 ] DEBUG Engine               - isProfilingEnabled: false
16:39:50.341 [FXGL Background Thread 3 ] DEBUG Engine               - isScaleAffectedOnResize: true
16:39:50.342 [FXGL Background Thread 3 ] DEBUG Engine               - isSingleStep: false
16:39:50.342 [FXGL Background Thread 3 ] DEBUG Engine               - isUserProfileEnabled: false
16:39:50.342 [FXGL Background Thread 3 ] DEBUG Engine               - isWindows: false
16:39:50.342 [FXGL Background Thread 3 ] DEBUG Engine               - language: ObjectProperty [value: ENGLISH]
16:39:50.342 [FXGL Background Thread 3 ] DEBUG Engine               - menuKey: ESCAPE
16:39:50.342 [FXGL Background Thread 3 ] DEBUG Engine               - mouseSensitivity: 0.2
16:39:50.342 [FXGL Background Thread 3 ] DEBUG Engine               - notificationViewClass: class com.almasb.fxgl.notification.view.XboxNotificationView
16:39:50.342 [FXGL Background Thread 3 ] DEBUG Engine               - pixelsPerMeter: 50.0
16:39:50.342 [FXGL Background Thread 3 ] DEBUG Engine               - platform: LINUX
16:39:50.342 [FXGL Background Thread 3 ] DEBUG Engine               - prefHeightProperty: ReadOnlyDoubleProperty [value: 600.0]
16:39:50.343 [FXGL Background Thread 3 ] DEBUG Engine               - prefWidthProperty: ReadOnlyDoubleProperty [value: 800.0]
16:39:50.343 [FXGL Background Thread 3 ] DEBUG Engine               - profileDir: profiles/
16:39:50.343 [FXGL Background Thread 3 ] DEBUG Engine               - profileName: StringProperty [value: DEFAULT]
16:39:50.343 [FXGL Background Thread 3 ] DEBUG Engine               - randomSeed: -1
16:39:50.343 [FXGL Background Thread 3 ] DEBUG Engine               - runtimeInfo: RuntimeInfo(platform=LINUX, version=17.3, build=30.03.2023 11.49)
16:39:50.344 [FXGL Background Thread 3 ] DEBUG Engine               - saveFileExt: sav
16:39:50.344 [FXGL Background Thread 3 ] DEBUG Engine               - scaledHeightProp$fxgl: DoubleProperty [bound, value: 600.16650390625]
16:39:50.344 [FXGL Background Thread 3 ] DEBUG Engine               - scaledWidthProp$fxgl: DoubleProperty [bound, value: 801.9973754882812]
16:39:50.344 [FXGL Background Thread 3 ] DEBUG Engine               - sceneFactory: com.almasb.fxgl.app.scene.SceneFactory@45f997ca
16:39:50.344 [FXGL Background Thread 3 ] DEBUG Engine               - secondsIn24h: 60
16:39:50.344 [FXGL Background Thread 3 ] DEBUG Engine               - soundMenuBack: menu/back.wav
16:39:50.344 [FXGL Background Thread 3 ] DEBUG Engine               - soundMenuPress: menu/press.wav
16:39:50.344 [FXGL Background Thread 3 ] DEBUG Engine               - soundMenuSelect: menu/select.wav
16:39:50.344 [FXGL Background Thread 3 ] DEBUG Engine               - soundNotification: core/notification.wav
16:39:50.344 [FXGL Background Thread 3 ] DEBUG Engine               - stageStyle: DECORATED
16:39:50.345 [FXGL Background Thread 3 ] DEBUG Engine               - supportedLanguages: [ENGLISH, FRENCH, GERMAN, HUNGARIAN, RUSSIAN]
16:39:50.345 [FXGL Background Thread 3 ] DEBUG Engine               - ticksPerSecond: -1
16:39:50.345 [FXGL Background Thread 3 ] DEBUG Engine               - title: Fantasy Hospital
16:39:50.345 [FXGL Background Thread 3 ] DEBUG Engine               - urlGithub: https://github.com/AlmasB/FXGL
16:39:50.345 [FXGL Background Thread 3 ] DEBUG Engine               - urlLeaderboard: http://fxgl-top.herokuapp.com/
16:39:50.345 [FXGL Background Thread 3 ] DEBUG Engine               - urlPOM: https://raw.githubusercontent.com/AlmasB/FXGL/release/README.md
16:39:50.345 [FXGL Background Thread 3 ] DEBUG Engine               - userAppClass: class org.fantasy.hopitalfantastique.Main
16:39:50.345 [FXGL Background Thread 3 ] DEBUG Engine               - version: 1.0
16:39:50.345 [FXGL Background Thread 3 ] DEBUG Engine               - versionCheckDays: 7
16:39:50.345 [FXGL Background Thread 3 ] DEBUG Engine               - width: 800
16:39:50.345 [FXGL Background Thread 3 ] DEBUG Engine               - Logging services
16:39:50.345 [FXGL Background Thread 3 ] DEBUG Engine               - class com.almasb.fxgl.app.services.FXGLAssetLoaderService
16:39:50.345 [FXGL Background Thread 3 ] DEBUG Engine               - class com.almasb.fxgl.app.FXGLApplication$GameApplicationService
16:39:50.346 [FXGL Background Thread 3 ] DEBUG Engine               - class com.almasb.fxgl.app.services.FXGLDialogService
16:39:50.346 [FXGL Background Thread 3 ] DEBUG Engine               - class com.almasb.fxgl.app.services.IOTaskExecutorService
16:39:50.346 [FXGL Background Thread 3 ] DEBUG Engine               - class com.almasb.fxgl.io.FileSystemService
16:39:50.346 [FXGL Background Thread 3 ] DEBUG Engine               - class com.almasb.fxgl.localization.LocalizationService
16:39:50.346 [FXGL Background Thread 3 ] DEBUG Engine               - class com.almasb.fxgl.app.services.SystemBundleService
16:39:50.346 [FXGL Background Thread 3 ] DEBUG Engine               - class com.almasb.fxgl.profile.SaveLoadService
16:39:50.346 [FXGL Background Thread 3 ] DEBUG Engine               - class com.almasb.fxgl.ui.FXGLUIFactoryServiceProvider
16:39:50.346 [FXGL Background Thread 3 ] DEBUG Engine               - class com.almasb.fxgl.ui.FXGLDialogFactoryServiceProvider
16:39:50.346 [FXGL Background Thread 3 ] DEBUG Engine               - class com.almasb.fxgl.audio.AudioPlayer
16:39:50.346 [FXGL Background Thread 3 ] DEBUG Engine               - class com.almasb.fxgl.notification.impl.NotificationServiceProvider
16:39:50.346 [FXGL Background Thread 3 ] DEBUG Engine               - class com.almasb.fxgl.achievement.AchievementService
16:39:50.346 [FXGL Background Thread 3 ] DEBUG Engine               - class com.almasb.fxgl.cutscene.CutsceneService
16:39:50.346 [FXGL Background Thread 3 ] DEBUG Engine               - class com.almasb.fxgl.minigames.MiniGameService
16:39:50.346 [FXGL Background Thread 3 ] DEBUG Engine               - class com.almasb.fxgl.net.NetService
16:39:50.346 [FXGL Background Thread 3 ] DEBUG Engine               - class com.almasb.fxgl.app.services.UpdaterService
16:39:50.346 [FXGL Background Thread 3 ] DEBUG Engine               - class com.almasb.fxgl.dev.DevService
16:40:08.929 [JavaFX Application Thread] DEBUG PrimaryStageWindow   - Push state: FXGLDefaultMenu
16:40:08.938 [JavaFX Application Thread] DEBUG Input                - Clearing active input actions
16:40:08.967 [JavaFX Application Thread] DEBUG GameApplicationServi - Removing overlay from GameScene and adding to FXGLDefaultMenu
16:40:08.968 [JavaFX Application Thread] DEBUG PrimaryStageWindow   - GameScene -> FXGLDefaultMenu
16:40:10.434 [JavaFX Application Thread] DEBUG PrimaryStageWindow   - Pop state: FXGLDefaultMenu
16:40:10.434 [JavaFX Application Thread] DEBUG Input                - Clearing active input actions
16:40:10.434 [JavaFX Application Thread] DEBUG GameApplicationServi - Removing overlay from FXGLDefaultMenu and adding to GameScene
16:40:10.435 [JavaFX Application Thread] DEBUG PrimaryStageWindow   - GameScene <- FXGLDefaultMenu
16:40:10.729 [JavaFX Application Thread] DEBUG PrimaryStageWindow   - Push state: FXGLDefaultMenu
16:40:10.730 [JavaFX Application Thread] DEBUG Input                - Clearing active input actions
16:40:10.732 [JavaFX Application Thread] DEBUG GameApplicationServi - Removing overlay from GameScene and adding to FXGLDefaultMenu
16:40:10.733 [JavaFX Application Thread] DEBUG PrimaryStageWindow   - GameScene -> FXGLDefaultMenu
16:40:13.001 [JavaFX Application Thread] DEBUG PrimaryStageWindow   - Pop state: FXGLDefaultMenu
16:40:13.001 [JavaFX Application Thread] DEBUG Input                - Clearing active input actions
16:40:13.002 [JavaFX Application Thread] DEBUG GameApplicationServi - Removing overlay from FXGLDefaultMenu and adding to GameScene
16:40:13.002 [JavaFX Application Thread] DEBUG PrimaryStageWindow   - GameScene <- FXGLDefaultMenu
16:40:13.306 [JavaFX Application Thread] DEBUG PrimaryStageWindow   - Push state: FXGLDefaultMenu
16:40:13.307 [JavaFX Application Thread] DEBUG Input                - Clearing active input actions
16:40:13.310 [JavaFX Application Thread] DEBUG GameApplicationServi - Removing overlay from GameScene and adding to FXGLDefaultMenu
16:40:13.310 [JavaFX Application Thread] DEBUG PrimaryStageWindow   - GameScene -> FXGLDefaultMenu
16:40:16.945 [JavaFX Application Thread] DEBUG PrimaryStageWindow   - Pop state: FXGLDefaultMenu
16:40:16.945 [JavaFX Application Thread] DEBUG Input                - Clearing active input actions
16:40:16.946 [JavaFX Application Thread] DEBUG GameApplicationServi - Removing overlay from FXGLDefaultMenu and adding to GameScene
16:40:16.946 [JavaFX Application Thread] DEBUG PrimaryStageWindow   - GameScene <- FXGLDefaultMenu
16:40:17.170 [JavaFX Application Thread] DEBUG PrimaryStageWindow   - Push state: FXGLDefaultMenu
16:40:17.171 [JavaFX Application Thread] DEBUG Input                - Clearing active input actions
16:40:17.175 [JavaFX Application Thread] DEBUG GameApplicationServi - Removing overlay from GameScene and adding to FXGLDefaultMenu
16:40:17.175 [JavaFX Application Thread] DEBUG PrimaryStageWindow   - GameScene -> FXGLDefaultMenu
16:40:18.051 [JavaFX Application Thread] DEBUG FXGL.DefaultMenu     - createContentGameplay()
16:40:33.502 [JavaFX Application Thread] DEBUG FXGL.DefaultMenu     - createContentControls()
16:40:35.267 [JavaFX Application Thread] DEBUG FXGL.DefaultMenu     - createContentVideo()
16:40:36.146 [JavaFX Application Thread] DEBUG FXGL.DefaultMenu     - createContentAudio()
16:40:36.654 [JavaFX Application Thread] DEBUG PrimaryStageWindow   - Push state: DialogSubScene
16:40:36.654 [JavaFX Application Thread] DEBUG Input                - Clearing active input actions
16:40:36.655 [JavaFX Application Thread] DEBUG GameApplicationServi - Removing overlay from FXGLDefaultMenu and adding to DialogSubScene
16:40:36.655 [JavaFX Application Thread] DEBUG PrimaryStageWindow   - FXGLDefaultMenu -> DialogSubScene
16:40:37.892 [JavaFX Application Thread] DEBUG PrimaryStageWindow   - Pop state: DialogSubScene
16:40:37.892 [JavaFX Application Thread] DEBUG Input                - Clearing active input actions
16:40:37.893 [JavaFX Application Thread] DEBUG GameApplicationServi - Removing overlay from DialogSubScene and adding to FXGLDefaultMenu
16:40:37.893 [JavaFX Application Thread] DEBUG PrimaryStageWindow   - FXGLDefaultMenu <- DialogSubScene
16:40:38.666 [JavaFX Application Thread] DEBUG PrimaryStageWindow   - Pop state: FXGLDefaultMenu
16:40:38.667 [JavaFX Application Thread] DEBUG Input                - Clearing active input actions
16:40:38.667 [JavaFX Application Thread] DEBUG GameApplicationServi - Removing overlay from FXGLDefaultMenu and adding to GameScene
16:40:38.667 [JavaFX Application Thread] DEBUG PrimaryStageWindow   - GameScene <- FXGLDefaultMenu
16:40:39.122 [JavaFX Application Thread] DEBUG PrimaryStageWindow   - Push state: FXGLDefaultMenu
16:40:39.123 [JavaFX Application Thread] DEBUG Input                - Clearing active input actions
16:40:39.126 [JavaFX Application Thread] DEBUG GameApplicationServi - Removing overlay from GameScene and adding to FXGLDefaultMenu
16:40:39.127 [JavaFX Application Thread] DEBUG PrimaryStageWindow   - GameScene -> FXGLDefaultMenu
16:40:40.124 [JavaFX Application Thread] DEBUG Menu                 - fireResume()
16:40:40.125 [JavaFX Application Thread] DEBUG PrimaryStageWindow   - Pop state: FXGLDefaultMenu
16:40:40.125 [JavaFX Application Thread] DEBUG Input                - Clearing active input actions
16:40:40.125 [JavaFX Application Thread] DEBUG GameApplicationServi - Removing overlay from FXGLDefaultMenu and adding to GameScene
16:40:40.125 [JavaFX Application Thread] DEBUG PrimaryStageWindow   - GameScene <- FXGLDefaultMenu
16:40:40.483 [JavaFX Application Thread] DEBUG PrimaryStageWindow   - Push state: FXGLDefaultMenu
16:40:40.483 [JavaFX Application Thread] DEBUG Input                - Clearing active input actions
16:40:40.487 [JavaFX Application Thread] DEBUG GameApplicationServi - Removing overlay from GameScene and adding to FXGLDefaultMenu
16:40:40.487 [JavaFX Application Thread] DEBUG PrimaryStageWindow   - GameScene -> FXGLDefaultMenu
16:40:45.026 [JavaFX Application Thread] DEBUG Menu                 - fireResume()
16:40:45.027 [JavaFX Application Thread] DEBUG PrimaryStageWindow   - Pop state: FXGLDefaultMenu
16:40:45.027 [JavaFX Application Thread] DEBUG Input                - Clearing active input actions
16:40:45.027 [JavaFX Application Thread] DEBUG GameApplicationServi - Removing overlay from FXGLDefaultMenu and adding to GameScene
16:40:45.028 [JavaFX Application Thread] DEBUG PrimaryStageWindow   - GameScene <- FXGLDefaultMenu
16:40:45.858 [JavaFX Application Thread] DEBUG PrimaryStageWindow   - Push state: FXGLDefaultMenu
16:40:45.859 [JavaFX Application Thread] DEBUG Input                - Clearing active input actions
16:40:45.861 [JavaFX Application Thread] DEBUG GameApplicationServi - Removing overlay from GameScene and adding to FXGLDefaultMenu
16:40:45.861 [JavaFX Application Thread] DEBUG PrimaryStageWindow   - GameScene -> FXGLDefaultMenu
16:40:46.506 [JavaFX Application Thread] DEBUG PrimaryStageWindow   - Pop state: FXGLDefaultMenu
16:40:46.506 [JavaFX Application Thread] DEBUG Input                - Clearing active input actions
16:40:46.507 [JavaFX Application Thread] DEBUG GameApplicationServi - Removing overlay from FXGLDefaultMenu and adding to GameScene
16:40:46.507 [JavaFX Application Thread] DEBUG PrimaryStageWindow   - GameScene <- FXGLDefaultMenu
16:40:47.147 [JavaFX Application Thread] DEBUG PrimaryStageWindow   - Push state: FXGLDefaultMenu
16:40:47.147 [JavaFX Application Thread] DEBUG Input                - Clearing active input actions
16:40:47.148 [JavaFX Application Thread] DEBUG GameApplicationServi - Removing overlay from GameScene and adding to FXGLDefaultMenu
16:40:47.149 [JavaFX Application Thread] DEBUG PrimaryStageWindow   - GameScene -> FXGLDefaultMenu
16:40:47.882 [JavaFX Application Thread] DEBUG PrimaryStageWindow   - Pop state: FXGLDefaultMenu
16:40:47.882 [JavaFX Application Thread] DEBUG Input                - Clearing active input actions
16:40:47.883 [JavaFX Application Thread] DEBUG GameApplicationServi - Removing overlay from FXGLDefaultMenu and adding to GameScene
16:40:47.883 [JavaFX Application Thread] DEBUG PrimaryStageWindow   - GameScene <- FXGLDefaultMenu
16:40:49.803 [JavaFX Application Thread] DEBUG PrimaryStageWindow   - Push state: FXGLDefaultMenu
16:40:49.803 [JavaFX Application Thread] DEBUG Input                - Clearing active input actions
16:40:49.804 [JavaFX Application Thread] DEBUG GameApplicationServi - Removing overlay from GameScene and adding to FXGLDefaultMenu
16:40:49.805 [JavaFX Application Thread] DEBUG PrimaryStageWindow   - GameScene -> FXGLDefaultMenu
16:40:50.795 [JavaFX Application Thread] DEBUG PrimaryStageWindow   - Pop state: FXGLDefaultMenu
16:40:50.795 [JavaFX Application Thread] DEBUG Input                - Clearing active input actions
16:40:50.795 [JavaFX Application Thread] DEBUG GameApplicationServi - Removing overlay from FXGLDefaultMenu and adding to GameScene
16:40:50.795 [JavaFX Application Thread] DEBUG PrimaryStageWindow   - GameScene <- FXGLDefaultMenu
16:40:55.211 [JavaFX Application Thread] DEBUG PrimaryStageWindow   - Push state: FXGLDefaultMenu
16:40:55.211 [JavaFX Application Thread] DEBUG Input                - Clearing active input actions
16:40:55.212 [JavaFX Application Thread] DEBUG GameApplicationServi - Removing overlay from GameScene and adding to FXGLDefaultMenu
16:40:55.213 [JavaFX Application Thread] DEBUG PrimaryStageWindow   - GameScene -> FXGLDefaultMenu
16:40:55.814 [JavaFX Application Thread] DEBUG PrimaryStageWindow   - Pop state: FXGLDefaultMenu
16:40:55.814 [JavaFX Application Thread] DEBUG Input                - Clearing active input actions
16:40:55.814 [JavaFX Application Thread] DEBUG GameApplicationServi - Removing overlay from FXGLDefaultMenu and adding to GameScene
16:40:55.815 [JavaFX Application Thread] DEBUG PrimaryStageWindow   - GameScene <- FXGLDefaultMenu
16:41:00.779 [JavaFX Application Thread] DEBUG PrimaryStageWindow   - Push state: FXGLDefaultMenu
16:41:00.779 [JavaFX Application Thread] DEBUG Input                - Clearing active input actions
16:41:00.781 [JavaFX Application Thread] DEBUG GameApplicationServi - Removing overlay from GameScene and adding to FXGLDefaultMenu
16:41:00.782 [JavaFX Application Thread] DEBUG PrimaryStageWindow   - GameScene -> FXGLDefaultMenu
16:41:01.362 [JavaFX Application Thread] DEBUG PrimaryStageWindow   - Pop state: FXGLDefaultMenu
16:41:01.362 [JavaFX Application Thread] DEBUG Input                - Clearing active input actions
16:41:01.362 [JavaFX Application Thread] DEBUG GameApplicationServi - Removing overlay from FXGLDefaultMenu and adding to GameScene
16:41:01.362 [JavaFX Application Thread] DEBUG PrimaryStageWindow   - GameScene <- FXGLDefaultMenu
16:41:01.587 [JavaFX Application Thread] DEBUG PrimaryStageWindow   - Push state: FXGLDefaultMenu
16:41:01.587 [JavaFX Application Thread] DEBUG Input                - Clearing active input actions
16:41:01.588 [JavaFX Application Thread] DEBUG GameApplicationServi - Removing overlay from GameScene and adding to FXGLDefaultMenu
16:41:01.589 [JavaFX Application Thread] DEBUG PrimaryStageWindow   - GameScene -> FXGLDefaultMenu
16:41:02.164 [JavaFX Application Thread] DEBUG PrimaryStageWindow   - Pop state: FXGLDefaultMenu
16:41:02.165 [JavaFX Application Thread] DEBUG Input                - Clearing active input actions
16:41:02.165 [JavaFX Application Thread] DEBUG GameApplicationServi - Removing overlay from FXGLDefaultMenu and adding to GameScene
16:41:02.165 [JavaFX Application Thread] DEBUG PrimaryStageWindow   - GameScene <- FXGLDefaultMenu
16:41:10.659 [JavaFX Application Thread] DEBUG PrimaryStageWindow   - Push state: FXGLDefaultMenu
16:41:10.659 [JavaFX Application Thread] DEBUG Input                - Clearing active input actions
16:41:10.661 [JavaFX Application Thread] DEBUG GameApplicationServi - Removing overlay from GameScene and adding to FXGLDefaultMenu
16:41:10.662 [JavaFX Application Thread] DEBUG PrimaryStageWindow   - GameScene -> FXGLDefaultMenu
16:41:13.499 [JavaFX Application Thread] DEBUG PrimaryStageWindow   - Pop state: FXGLDefaultMenu
16:41:13.499 [JavaFX Application Thread] DEBUG Input                - Clearing active input actions
16:41:13.499 [JavaFX Application Thread] DEBUG GameApplicationServi - Removing overlay from FXGLDefaultMenu and adding to GameScene
16:41:13.499 [JavaFX Application Thread] DEBUG PrimaryStageWindow   - GameScene <- FXGLDefaultMenu
16:41:23.546 [JavaFX Application Thread] DEBUG PrimaryStageWindow   - Push state: FXGLDefaultMenu
16:41:23.547 [JavaFX Application Thread] DEBUG Input                - Clearing active input actions
16:41:23.548 [JavaFX Application Thread] DEBUG GameApplicationServi - Removing overlay from GameScene and adding to FXGLDefaultMenu
16:41:23.548 [JavaFX Application Thread] DEBUG PrimaryStageWindow   - GameScene -> FXGLDefaultMenu
16:41:24.415 [JavaFX Application Thread] DEBUG PrimaryStageWindow   - Pop state: FXGLDefaultMenu
16:41:24.415 [JavaFX Application Thread] DEBUG Input                - Clearing active input actions
16:41:24.415 [JavaFX Application Thread] DEBUG GameApplicationServi - Removing overlay from FXGLDefaultMenu and adding to GameScene
16:41:24.415 [JavaFX Application Thread] DEBUG PrimaryStageWindow   - GameScene <- FXGLDefaultMenu
16:41:29.259 [JavaFX Application Thread] DEBUG PrimaryStageWindow   - Push state: FXGLDefaultMenu
16:41:29.259 [JavaFX Application Thread] DEBUG Input                - Clearing active input actions
16:41:29.260 [JavaFX Application Thread] DEBUG GameApplicationServi - Removing overlay from GameScene and adding to FXGLDefaultMenu
16:41:29.260 [JavaFX Application Thread] DEBUG PrimaryStageWindow   - GameScene -> FXGLDefaultMenu
16:41:29.499 [JavaFX Application Thread] DEBUG PrimaryStageWindow   - Pop state: FXGLDefaultMenu
16:41:29.499 [JavaFX Application Thread] DEBUG Input                - Clearing active input actions
16:41:29.499 [JavaFX Application Thread] DEBUG GameApplicationServi - Removing overlay from FXGLDefaultMenu and adding to GameScene
16:41:29.499 [JavaFX Application Thread] DEBUG PrimaryStageWindow   - GameScene <- FXGLDefaultMenu
16:41:40.051 [JavaFX Application Thread] DEBUG PrimaryStageWindow   - Push state: FXGLDefaultMenu
16:41:40.051 [JavaFX Application Thread] DEBUG Input                - Clearing active input actions
16:41:40.053 [JavaFX Application Thread] DEBUG GameApplicationServi - Removing overlay from GameScene and adding to FXGLDefaultMenu
16:41:40.053 [JavaFX Application Thread] DEBUG PrimaryStageWindow   - GameScene -> FXGLDefaultMenu
16:41:41.203 [JavaFX Application Thread] DEBUG PrimaryStageWindow   - Pop state: FXGLDefaultMenu
16:41:41.203 [JavaFX Application Thread] DEBUG Input                - Clearing active input actions
16:41:41.204 [JavaFX Application Thread] DEBUG GameApplicationServi - Removing overlay from FXGLDefaultMenu and adding to GameScene
16:41:41.204 [JavaFX Application Thread] DEBUG PrimaryStageWindow   - GameScene <- FXGLDefaultMenu
16:41:42.620 [JavaFX Application Thread] DEBUG PrimaryStageWindow   - Push state: FXGLDefaultMenu
16:41:42.620 [JavaFX Application Thread] DEBUG Input                - Clearing active input actions
16:41:42.621 [JavaFX Application Thread] DEBUG GameApplicationServi - Removing overlay from GameScene and adding to FXGLDefaultMenu
16:41:42.621 [JavaFX Application Thread] DEBUG PrimaryStageWindow   - GameScene -> FXGLDefaultMenu
16:41:44.307 [JavaFX Application Thread] DEBUG PrimaryStageWindow   - Pop state: FXGLDefaultMenu
16:41:44.307 [JavaFX Application Thread] DEBUG Input                - Clearing active input actions
16:41:44.308 [JavaFX Application Thread] DEBUG GameApplicationServi - Removing overlay from FXGLDefaultMenu and adding to GameScene
16:41:44.308 [JavaFX Application Thread] DEBUG PrimaryStageWindow   - GameScene <- FXGLDefaultMenu
16:41:44.484 [JavaFX Application Thread] DEBUG PrimaryStageWindow   - Push state: FXGLDefaultMenu
16:41:44.484 [JavaFX Application Thread] DEBUG Input                - Clearing active input actions
16:41:44.486 [JavaFX Application Thread] DEBUG GameApplicationServi - Removing overlay from GameScene and adding to FXGLDefaultMenu
16:41:44.486 [JavaFX Application Thread] DEBUG PrimaryStageWindow   - GameScene -> FXGLDefaultMenu
16:41:44.675 [JavaFX Application Thread] DEBUG PrimaryStageWindow   - Pop state: FXGLDefaultMenu
16:41:44.675 [JavaFX Application Thread] DEBUG Input                - Clearing active input actions
16:41:44.676 [JavaFX Application Thread] DEBUG GameApplicationServi - Removing overlay from FXGLDefaultMenu and adding to GameScene
16:41:44.676 [JavaFX Application Thread] DEBUG PrimaryStageWindow   - GameScene <- FXGLDefaultMenu
16:41:44.987 [JavaFX Application Thread] DEBUG PrimaryStageWindow   - Push state: FXGLDefaultMenu
16:41:44.988 [JavaFX Application Thread] DEBUG Input                - Clearing active input actions
16:41:44.989 [JavaFX Application Thread] DEBUG GameApplicationServi - Removing overlay from GameScene and adding to FXGLDefaultMenu
16:41:44.989 [JavaFX Application Thread] DEBUG PrimaryStageWindow   - GameScene -> FXGLDefaultMenu
16:41:45.601 [JavaFX Application Thread] DEBUG PrimaryStageWindow   - Pop state: FXGLDefaultMenu
16:41:45.601 [JavaFX Application Thread] DEBUG Input                - Clearing active input actions
16:41:45.601 [JavaFX Application Thread] DEBUG GameApplicationServi - Removing overlay from FXGLDefaultMenu and adding to GameScene
16:41:45.602 [JavaFX Application Thread] DEBUG PrimaryStageWindow   - GameScene <- FXGLDefaultMenu
16:42:06.147 [JavaFX Application Thread] DEBUG PrimaryStageWindow   - Push state: FXGLDefaultMenu
16:42:06.147 [JavaFX Application Thread] DEBUG Input                - Clearing active input actions
16:42:06.147 [JavaFX Application Thread] DEBUG GameApplicationServi - Removing overlay from GameScene and adding to FXGLDefaultMenu
16:42:06.148 [JavaFX Application Thread] DEBUG PrimaryStageWindow   - GameScene -> FXGLDefaultMenu
16:42:07.740 [JavaFX Application Thread] DEBUG Menu                 - fireExit()
16:42:07.747 [JavaFX Application Thread] DEBUG PrimaryStageWindow   - Push state: DialogSubScene
16:42:07.747 [JavaFX Application Thread] DEBUG Input                - Clearing active input actions
16:42:07.748 [JavaFX Application Thread] DEBUG GameApplicationServi - Removing overlay from FXGLDefaultMenu and adding to DialogSubScene
16:42:07.749 [JavaFX Application Thread] DEBUG PrimaryStageWindow   - FXGLDefaultMenu -> DialogSubScene
16:42:09.420 [JavaFX Application Thread] DEBUG PrimaryStageWindow   - Pop state: DialogSubScene
16:42:09.420 [JavaFX Application Thread] DEBUG Input                - Clearing active input actions
16:42:09.420 [JavaFX Application Thread] DEBUG GameApplicationServi - Removing overlay from DialogSubScene and adding to FXGLDefaultMenu
16:42:09.420 [JavaFX Application Thread] DEBUG PrimaryStageWindow   - FXGLDefaultMenu <- DialogSubScene
16:42:09.421 [JavaFX Application Thread] DEBUG FXGLApplication      - Exiting FXGL
16:42:09.421 [JavaFX Application Thread] DEBUG LoopRunner           - Stopping loop
16:42:09.421 [JavaFX Application Thread] DEBUG SystemBundleService  - Saving FXGL system data
16:42:09.440 [JavaFX Application Thread] DEBUG FileSystemAccess     - Writing to: /amuhome/m23006367/IdeaProjects/HopitalFantastique/system/fxgl.bundle
16:42:09.459 [JavaFX Application Thread] DEBUG Async                - Shutting down background threads
16:42:09.459 [JavaFX Application Thread] DEBUG PrimaryStageWindow   - Closing main window
16:42:09.470 [JavaFX Application Thread] DEBUG Logger               - Closing Logger
