16:51:56.792 [main                     ] DEBUG Logger               - Configured Logger
16:51:56.804 [main                     ] DEBUG GameApplication      - Logging settings
Title: Fantasy Hospital
Version: 1.0
Width: 800
Height: 600
Fullscreen: false
Intro: false
Profiling: false
Single step:false
App Mode: DEVELOPER
Menu Key: ESCAPE
Stage Style: DECORATED
Scene Factory: class com.almasb.fxgl.app.scene.SceneFactory

16:51:58.121 [JavaFX Application Thread] DEBUG FXGLApplication      - Initializing FXGL
16:51:58.139 [JavaFX Application Thread] INFO  Engine               - FXGL-17.3 (30.03.2023 11.49) on LINUX (J:22.0.1 FX:22-ea)
16:51:58.139 [JavaFX Application Thread] DEBUG Engine               - JRE Vendor Name: Oracle Corporation
16:51:58.140 [JavaFX Application Thread] DEBUG Engine               - Running on OS: Linux version 5.15.0-113-generic
16:51:58.140 [JavaFX Application Thread] DEBUG Engine               - Architecture: amd64
16:51:58.140 [JavaFX Application Thread] INFO  Engine               - Source code and latest versions at: https://github.com/AlmasB/FXGL
16:51:58.141 [JavaFX Application Thread] INFO  Engine               -       Ask questions and discuss at: https://github.com/AlmasB/FXGL/discussions
16:51:58.141 [JavaFX Application Thread] INFO  Engine               -              Join the FXGL chat at: https://gitter.im/AlmasB/FXGL
16:51:58.402 [JavaFX Application Thread] DEBUG PrimaryStageWindow   - Creating a JavaFX scene
16:51:58.775 [JavaFX Application Thread] DEBUG PrimaryStageWindow   - Target settings size: 800.0 x 600.0
16:51:58.775 [JavaFX Application Thread] DEBUG PrimaryStageWindow   - Scaled scene size:    800.0 x 600.0
16:51:58.775 [JavaFX Application Thread] DEBUG PrimaryStageWindow   - Scaled ratio: (1.0, 1.0)
16:51:58.776 [JavaFX Application Thread] DEBUG PrimaryStageWindow   - Set initial scene to FXGLStartupScene
16:51:58.777 [JavaFX Application Thread] DEBUG PrimaryStageWindow   - Opening main window
16:51:58.840 [JavaFX Application Thread] DEBUG PrimaryStageWindow   - Window border size: (0.948974609375, 35.0)
16:51:58.840 [JavaFX Application Thread] DEBUG PrimaryStageWindow   - Scaled size: 800.0 x 565.2123413085938
16:51:58.840 [JavaFX Application Thread] DEBUG PrimaryStageWindow   - Scaled ratio: (1.0, 0.9420205688476563)
16:51:58.841 [JavaFX Application Thread] DEBUG PrimaryStageWindow   - Scene size: 800.0 x 600.0
16:51:58.841 [JavaFX Application Thread] DEBUG PrimaryStageWindow   - Stage size: 800.948974609375 x 600.2123413085938
16:51:58.852 [FXGL Background Thread 1 ] DEBUG Engine               - Initializing environment variables
16:51:58.948 [FXGL Background Thread 1 ] DEBUG FXGLAssetLoaderServi - User app class for loading assets: class org.fantasy.hopitalfantastique.Main
16:51:58.948 [FXGL Background Thread 1 ] DEBUG GameApplicationServi - Applying CSS: fxgl_dark.css
16:51:58.953 [FXGL Background Thread 1 ] DEBUG FXGLAssetLoaderServi - Loading from file system: jar:file:///amuhome/m23006367/.m2/repository/com/github/almasb/fxgl/17.3/fxgl-17.3.jar!/fxglassets/ui/css/fxgl_dark.css
16:51:59.021 [FXGL Background Thread 1 ] DEBUG GameApplicationServi - Initializing application scenes
16:51:59.211 [FXGL Background Thread 1 ] DEBUG GameWorld            - Game world initialized
16:51:59.305 [FXGL Background Thread 1 ] DEBUG PhysicsWorld         - Physics world initialized: appHeight=600, physics.ppm=50,0
16:51:59.305 [FXGL Background Thread 1 ] DEBUG PhysicsWorld         - Using strategy: BRUTE_FORCE
16:51:59.309 [FXGL Background Thread 1 ] DEBUG GameScene            - Game scene initialized: 800x600
16:51:59.337 [FXGL Background Thread 1 ] DEBUG FXGL.DefaultMenu     - createMenuBodyGameMenu()
16:51:59.414 [FXGL Background Thread 1 ] DEBUG FXGL.DefaultMenu     - createOptionsMenu()
16:51:59.442 [FXGL Background Thread 1 ] DEBUG FXGLAssetLoaderServi - Loading from file system: jar:file:///amuhome/m23006367/.m2/repository/com/github/almasb/fxgl/17.3/fxgl-17.3.jar!/fxglassets/textures/particles/smoke.png
16:51:59.597 [FXGL Background Thread 1 ] DEBUG FXGLAssetLoaderServi - Loading from file system: jar:file:///amuhome/m23006367/.m2/repository/com/github/almasb/fxgl/17.3/fxgl-17.3.jar!/fxglassets/textures/particles/trace_horizontal.png
16:51:59.620 [FXGL Background Thread 1 ] DEBUG GameApplicationServi - Application scenes initialized
16:51:59.664 [FXGL Background Thread 1 ] DEBUG SystemBundleService  - Loading FXGL system data
16:51:59.673 [FXGL Background Thread 1 ] DEBUG FileSystemAccess     - Reading from: /amuhome/m23006367/IdeaProjects/HopitalFantastique/system/fxgl.bundle
16:51:59.687 [FXGL Background Thread 1 ] DEBUG SystemBundleService  - Bundle FXGL: {}
16:51:59.687 [FXGL Background Thread 1 ] DEBUG UpdaterService       - Checking for updates
16:51:59.692 [FXGL Background Thread 4 ] DEBUG FXGLApplication      - Loading fonts
16:51:59.695 [FXGL Background Thread 4 ] DEBUG FXGLAssetLoaderServi - Loading from file system: jar:file:///amuhome/m23006367/.m2/repository/com/github/almasb/fxgl/17.3/fxgl-17.3.jar!/fxglassets/ui/fonts/VarelaRound-Regular.ttf
16:51:59.697 [FXGL Background Thread 1 ] DEBUG FXGLApplication      - Loading default localization
16:51:59.697 [FXGL Background Thread 1 ] DEBUG FXGLAssetLoaderServi - Loading from file system: jar:file:///amuhome/m23006367/.m2/repository/com/github/almasb/fxgl/17.3/fxgl-17.3.jar!/fxglassets/languages/english.lang
16:51:59.711 [FXGL Background Thread 4 ] DEBUG FXGLAssetLoaderServi - Loading from file system: jar:file:///amuhome/m23006367/.m2/repository/com/github/almasb/fxgl/17.3/fxgl-17.3.jar!/fxglassets/ui/fonts/Abel-Regular.ttf
16:51:59.712 [FXGL Background Thread 4 ] DEBUG FXGLAssetLoaderServi - Loading from file system: jar:file:///amuhome/m23006367/.m2/repository/com/github/almasb/fxgl/17.3/fxgl-17.3.jar!/fxglassets/ui/fonts/TerminalLandMono-Regular.otf
16:51:59.714 [FXGL Background Thread 4 ] DEBUG FXGLAssetLoaderServi - Loading from file system: jar:file:///amuhome/m23006367/.m2/repository/com/github/almasb/fxgl/17.3/fxgl-17.3.jar!/fxglassets/ui/fonts/Courier-Prime.ttf
16:51:59.716 [JavaFX Application Thread] DEBUG FXGLApplication      - Registering font factories with UI factory
16:51:59.737 [FXGL Background Thread 1 ] INFO  FXGLApplication      - FXGL initialization took: 0,885 sec
16:51:59.738 [JavaFX Application Thread] DEBUG FXGLAssetLoaderServi - Loading from file system: jar:file:///amuhome/m23006367/.m2/repository/com/github/almasb/fxgl/17.3/fxgl-17.3.jar!/fxglassets/textures/fxgl_icon.png
16:51:59.766 [JavaFX Application Thread] DEBUG FXGLAssetLoaderServi - Loading from file system: jar:file:///amuhome/m23006367/.m2/repository/com/github/almasb/fxgl/17.3/fxgl-17.3.jar!/fxglassets/textures/fxgl_default_cursor.png
16:51:59.784 [JavaFX Application Thread] DEBUG Input                - Registered new binding: Screenshot - CTRL+8
16:51:59.785 [JavaFX Application Thread] DEBUG Input                - Registered new binding: System info dump - CTRL+9
16:51:59.785 [JavaFX Application Thread] DEBUG Input                - Registered new binding: Restart - CTRL+R
16:51:59.785 [JavaFX Application Thread] DEBUG Input                - Registered new binding: Toggle Debug Camera - CTRL+7
16:51:59.786 [JavaFX Application Thread] DEBUG LoopRunner           - Starting loop
16:51:59.786 [JavaFX Application Thread] DEBUG LoopRunner           - Initializing JavaFX AnimationTimerLoop
16:51:59.789 [JavaFX Application Thread] DEBUG GameApplicationServi - Starting new game
16:51:59.789 [JavaFX Application Thread] DEBUG Input                - Clearing active input actions
16:51:59.804 [JavaFX Application Thread] DEBUG GameApplicationServi - Removing overlay from FXGLStartupScene and adding to FXGLLoadingScene
16:51:59.804 [JavaFX Application Thread] DEBUG PrimaryStageWindow   - FXGLStartupScene -> FXGLLoadingScene
16:51:59.804 [JavaFX Application Thread] DEBUG GameApplicationServi - Clearing previous game
16:51:59.804 [JavaFX Application Thread] DEBUG GameScene            - Clearing game scene
16:51:59.804 [JavaFX Application Thread] DEBUG GameWorld            - Clearing game world
16:51:59.805 [JavaFX Application Thread] DEBUG PhysicsWorld         - Clearing physics world
16:51:59.805 [FXGL Background Thread 1 ] DEBUG FXGLApplication      - Initializing game
16:51:59.808 [FXGL Background Thread 1 ] INFO  FXGLApplication      - Game initialization took: 0,002 sec
16:52:00.017 [JavaFX Application Thread] DEBUG Input                - Clearing active input actions
16:52:00.040 [JavaFX Application Thread] DEBUG GameApplicationServi - Removing overlay from FXGLLoadingScene and adding to GameScene
16:52:00.040 [JavaFX Application Thread] DEBUG PrimaryStageWindow   - FXGLLoadingScene -> GameScene
16:52:00.161 [FXGL Background Thread 2 ] INFO  UpdaterService       - Your current version:  17.3
16:52:00.161 [FXGL Background Thread 2 ] INFO  UpdaterService       - Latest stable version: 21.1
16:52:01.181 [JavaFX Application Thread] DEBUG Input                - Registered new binding: Create Medical Service - LMB
16:52:02.689 [FXGL Background Thread 3 ] DEBUG Engine               - Logging environment variables
16:52:02.692 [FXGL Background Thread 3 ] DEBUG Engine               - achievements: []
16:52:02.692 [FXGL Background Thread 3 ] DEBUG Engine               - actualHeight: 565.2123413085938
16:52:02.693 [FXGL Background Thread 3 ] DEBUG Engine               - actualHeightProperty: ReadOnlyDoubleProperty [value: 600.16650390625]
16:52:02.693 [FXGL Background Thread 3 ] DEBUG Engine               - actualWidth: 800.0
16:52:02.693 [FXGL Background Thread 3 ] DEBUG Engine               - actualWidthProperty: ReadOnlyDoubleProperty [value: 801.9973754882812]
16:52:02.693 [FXGL Background Thread 3 ] DEBUG Engine               - appIcon: fxgl_icon.png
16:52:02.693 [FXGL Background Thread 3 ] DEBUG Engine               - applicationMode: DEVELOPER
16:52:02.694 [FXGL Background Thread 3 ] DEBUG Engine               - cSSList: [fxgl_dark.css]
16:52:02.694 [FXGL Background Thread 3 ] DEBUG Engine               - collisionDetectionStrategy: BRUTE_FORCE
16:52:02.694 [FXGL Background Thread 3 ] DEBUG Engine               - configClass: Optional.empty
16:52:02.694 [FXGL Background Thread 3 ] DEBUG Engine               - credits: []
16:52:02.695 [FXGL Background Thread 3 ] DEBUG Engine               - defaultCursor: CursorInfo(imageName=fxgl_default_cursor.png, hotspotX=7.0, hotspotY=6.0)
16:52:02.695 [FXGL Background Thread 3 ] DEBUG Engine               - devBBoxColorProperty: ObjectProperty [value: 0xff0000ff]
16:52:02.695 [FXGL Background Thread 3 ] DEBUG Engine               - devEnableDebugCameraProperty: BooleanProperty [value: false]
16:52:02.696 [FXGL Background Thread 3 ] DEBUG Engine               - devSensorColorProperty: ObjectProperty [value: 0xffff00ff]
16:52:02.696 [FXGL Background Thread 3 ] DEBUG Engine               - devShowBBoxProperty: BooleanProperty [value: false]
16:52:02.696 [FXGL Background Thread 3 ] DEBUG Engine               - devShowPositionProperty: BooleanProperty [value: false]
16:52:02.696 [FXGL Background Thread 3 ] DEBUG Engine               - enabledMenuItems: []
16:52:02.696 [FXGL Background Thread 3 ] DEBUG Engine               - engineServices: [class com.almasb.fxgl.app.services.FXGLAssetLoaderService, class com.almasb.fxgl.app.FXGLApplication$GameApplicationService, class com.almasb.fxgl.app.services.FXGLDialogService, class com.almasb.fxgl.app.services.IOTaskExecutorService, class com.almasb.fxgl.io.FileSystemService, class com.almasb.fxgl.localization.LocalizationService, class com.almasb.fxgl.app.services.SystemBundleService, class com.almasb.fxgl.profile.SaveLoadService, class com.almasb.fxgl.ui.FXGLUIFactoryServiceProvider, class com.almasb.fxgl.ui.FXGLDialogFactoryServiceProvider, class com.almasb.fxgl.audio.AudioPlayer, class com.almasb.fxgl.notification.impl.NotificationServiceProvider, class com.almasb.fxgl.achievement.AchievementService, class com.almasb.fxgl.cutscene.CutsceneService, class com.almasb.fxgl.minigames.MiniGameService, class com.almasb.fxgl.net.NetService, class com.almasb.fxgl.app.services.UpdaterService, class com.almasb.fxgl.dev.DevService]
16:52:02.696 [FXGL Background Thread 3 ] DEBUG Engine               - fontGame: Abel-Regular.ttf
16:52:02.696 [FXGL Background Thread 3 ] DEBUG Engine               - fontMono: TerminalLandMono-Regular.otf
16:52:02.696 [FXGL Background Thread 3 ] DEBUG Engine               - fontSizeScaleUI: 1.0
16:52:02.696 [FXGL Background Thread 3 ] DEBUG Engine               - fontText: Courier-Prime.ttf
16:52:02.696 [FXGL Background Thread 3 ] DEBUG Engine               - fontUI: VarelaRound-Regular.ttf
16:52:02.696 [FXGL Background Thread 3 ] DEBUG Engine               - fullScreen: BooleanProperty [value: false]
16:52:02.696 [FXGL Background Thread 3 ] DEBUG Engine               - gameDifficulty: MEDIUM
16:52:02.696 [FXGL Background Thread 3 ] DEBUG Engine               - gameDifficultyProperty: ObjectProperty [value: MEDIUM]
16:52:02.696 [FXGL Background Thread 3 ] DEBUG Engine               - globalMusicVolume: 0.5
16:52:02.696 [FXGL Background Thread 3 ] DEBUG Engine               - globalMusicVolumeProperty: DoubleProperty [value: 0.5]
16:52:02.696 [FXGL Background Thread 3 ] DEBUG Engine               - globalSoundVolume: 0.5
16:52:02.696 [FXGL Background Thread 3 ] DEBUG Engine               - globalSoundVolumeProperty: DoubleProperty [value: 0.5]
16:52:02.696 [FXGL Background Thread 3 ] DEBUG Engine               - height: 600
16:52:02.696 [FXGL Background Thread 3 ] DEBUG Engine               - is3D: false
16:52:02.696 [FXGL Background Thread 3 ] DEBUG Engine               - isAndroid: false
16:52:02.696 [FXGL Background Thread 3 ] DEBUG Engine               - isBrowser: false
16:52:02.696 [FXGL Background Thread 3 ] DEBUG Engine               - isClickFeedbackEnabled: false
16:52:02.696 [FXGL Background Thread 3 ] DEBUG Engine               - isCloseConfirmation: false
16:52:02.696 [FXGL Background Thread 3 ] DEBUG Engine               - isDesktop: true
16:52:02.697 [FXGL Background Thread 3 ] DEBUG Engine               - isDeveloperMenuEnabled: false
16:52:02.697 [FXGL Background Thread 3 ] DEBUG Engine               - isEmbedded: false
16:52:02.697 [FXGL Background Thread 3 ] DEBUG Engine               - isEntityPreloadEnabled: true
16:52:02.697 [FXGL Background Thread 3 ] DEBUG Engine               - isExperimentalTiledLargeMap: false
16:52:02.697 [FXGL Background Thread 3 ] DEBUG Engine               - isFileSystemWriteAllowed: true
16:52:02.697 [FXGL Background Thread 3 ] DEBUG Engine               - isFullScreenAllowed: false
16:52:02.697 [FXGL Background Thread 3 ] DEBUG Engine               - isFullScreenFromStart: false
16:52:02.697 [FXGL Background Thread 3 ] DEBUG Engine               - isGameMenuEnabled: true
16:52:02.697 [FXGL Background Thread 3 ] DEBUG Engine               - isIOS: false
16:52:02.697 [FXGL Background Thread 3 ] DEBUG Engine               - isIntroEnabled: false
16:52:02.697 [FXGL Background Thread 3 ] DEBUG Engine               - isLinux: true
16:52:02.697 [FXGL Background Thread 3 ] DEBUG Engine               - isMac: false
16:52:02.697 [FXGL Background Thread 3 ] DEBUG Engine               - isMainMenuEnabled: false
16:52:02.697 [FXGL Background Thread 3 ] DEBUG Engine               - isManualResizeEnabled: false
16:52:02.697 [FXGL Background Thread 3 ] DEBUG Engine               - isMobile: false
16:52:02.697 [FXGL Background Thread 3 ] DEBUG Engine               - isNative: false
16:52:02.697 [FXGL Background Thread 3 ] DEBUG Engine               - isPauseMusicWhenMinimized: true
16:52:02.697 [FXGL Background Thread 3 ] DEBUG Engine               - isPreserveResizeRatio: false
16:52:02.697 [FXGL Background Thread 3 ] DEBUG Engine               - isProfilingEnabled: false
16:52:02.697 [FXGL Background Thread 3 ] DEBUG Engine               - isScaleAffectedOnResize: true
16:52:02.697 [FXGL Background Thread 3 ] DEBUG Engine               - isSingleStep: false
16:52:02.697 [FXGL Background Thread 3 ] DEBUG Engine               - isUserProfileEnabled: false
16:52:02.697 [FXGL Background Thread 3 ] DEBUG Engine               - isWindows: false
16:52:02.697 [FXGL Background Thread 3 ] DEBUG Engine               - language: ObjectProperty [value: ENGLISH]
16:52:02.697 [FXGL Background Thread 3 ] DEBUG Engine               - menuKey: ESCAPE
16:52:02.697 [FXGL Background Thread 3 ] DEBUG Engine               - mouseSensitivity: 0.2
16:52:02.697 [FXGL Background Thread 3 ] DEBUG Engine               - notificationViewClass: class com.almasb.fxgl.notification.view.XboxNotificationView
16:52:02.697 [FXGL Background Thread 3 ] DEBUG Engine               - pixelsPerMeter: 50.0
16:52:02.698 [FXGL Background Thread 3 ] DEBUG Engine               - platform: LINUX
16:52:02.698 [FXGL Background Thread 3 ] DEBUG Engine               - prefHeightProperty: ReadOnlyDoubleProperty [value: 600.0]
16:52:02.698 [FXGL Background Thread 3 ] DEBUG Engine               - prefWidthProperty: ReadOnlyDoubleProperty [value: 800.0]
16:52:02.698 [FXGL Background Thread 3 ] DEBUG Engine               - profileDir: profiles/
16:52:02.698 [FXGL Background Thread 3 ] DEBUG Engine               - profileName: StringProperty [value: DEFAULT]
16:52:02.698 [FXGL Background Thread 3 ] DEBUG Engine               - randomSeed: -1
16:52:02.698 [FXGL Background Thread 3 ] DEBUG Engine               - runtimeInfo: RuntimeInfo(platform=LINUX, version=17.3, build=30.03.2023 11.49)
16:52:02.698 [FXGL Background Thread 3 ] DEBUG Engine               - saveFileExt: sav
16:52:02.698 [FXGL Background Thread 3 ] DEBUG Engine               - scaledHeightProp$fxgl: DoubleProperty [bound, value: 600.16650390625]
16:52:02.698 [FXGL Background Thread 3 ] DEBUG Engine               - scaledWidthProp$fxgl: DoubleProperty [bound, value: 801.9973754882812]
16:52:02.698 [FXGL Background Thread 3 ] DEBUG Engine               - sceneFactory: com.almasb.fxgl.app.scene.SceneFactory@4997e43e
16:52:02.698 [FXGL Background Thread 3 ] DEBUG Engine               - secondsIn24h: 60
16:52:02.698 [FXGL Background Thread 3 ] DEBUG Engine               - soundMenuBack: menu/back.wav
16:52:02.698 [FXGL Background Thread 3 ] DEBUG Engine               - soundMenuPress: menu/press.wav
16:52:02.698 [FXGL Background Thread 3 ] DEBUG Engine               - soundMenuSelect: menu/select.wav
16:52:02.698 [FXGL Background Thread 3 ] DEBUG Engine               - soundNotification: core/notification.wav
16:52:02.698 [FXGL Background Thread 3 ] DEBUG Engine               - stageStyle: DECORATED
16:52:02.698 [FXGL Background Thread 3 ] DEBUG Engine               - supportedLanguages: [ENGLISH, FRENCH, GERMAN, HUNGARIAN, RUSSIAN]
16:52:02.698 [FXGL Background Thread 3 ] DEBUG Engine               - ticksPerSecond: -1
16:52:02.698 [FXGL Background Thread 3 ] DEBUG Engine               - title: Fantasy Hospital
16:52:02.698 [FXGL Background Thread 3 ] DEBUG Engine               - urlGithub: https://github.com/AlmasB/FXGL
16:52:02.698 [FXGL Background Thread 3 ] DEBUG Engine               - urlLeaderboard: http://fxgl-top.herokuapp.com/
16:52:02.698 [FXGL Background Thread 3 ] DEBUG Engine               - urlPOM: https://raw.githubusercontent.com/AlmasB/FXGL/release/README.md
16:52:02.698 [FXGL Background Thread 3 ] DEBUG Engine               - userAppClass: class org.fantasy.hopitalfantastique.Main
16:52:02.698 [FXGL Background Thread 3 ] DEBUG Engine               - version: 1.0
16:52:02.698 [FXGL Background Thread 3 ] DEBUG Engine               - versionCheckDays: 7
16:52:02.699 [FXGL Background Thread 3 ] DEBUG Engine               - width: 800
16:52:02.699 [FXGL Background Thread 3 ] DEBUG Engine               - Logging services
16:52:02.699 [FXGL Background Thread 3 ] DEBUG Engine               - class com.almasb.fxgl.app.services.FXGLAssetLoaderService
16:52:02.701 [FXGL Background Thread 3 ] DEBUG Engine               - class com.almasb.fxgl.app.FXGLApplication$GameApplicationService
16:52:02.701 [FXGL Background Thread 3 ] DEBUG Engine               - class com.almasb.fxgl.app.services.FXGLDialogService
16:52:02.701 [FXGL Background Thread 3 ] DEBUG Engine               - class com.almasb.fxgl.app.services.IOTaskExecutorService
16:52:02.702 [FXGL Background Thread 3 ] DEBUG Engine               - class com.almasb.fxgl.io.FileSystemService
16:52:02.702 [FXGL Background Thread 3 ] DEBUG Engine               - class com.almasb.fxgl.localization.LocalizationService
16:52:02.702 [FXGL Background Thread 3 ] DEBUG Engine               - class com.almasb.fxgl.app.services.SystemBundleService
16:52:02.702 [FXGL Background Thread 3 ] DEBUG Engine               - class com.almasb.fxgl.profile.SaveLoadService
16:52:02.702 [FXGL Background Thread 3 ] DEBUG Engine               - class com.almasb.fxgl.ui.FXGLUIFactoryServiceProvider
16:52:02.702 [FXGL Background Thread 3 ] DEBUG Engine               - class com.almasb.fxgl.ui.FXGLDialogFactoryServiceProvider
16:52:02.702 [FXGL Background Thread 3 ] DEBUG Engine               - class com.almasb.fxgl.audio.AudioPlayer
16:52:02.702 [FXGL Background Thread 3 ] DEBUG Engine               - class com.almasb.fxgl.notification.impl.NotificationServiceProvider
16:52:02.702 [FXGL Background Thread 3 ] DEBUG Engine               - class com.almasb.fxgl.achievement.AchievementService
16:52:02.702 [FXGL Background Thread 3 ] DEBUG Engine               - class com.almasb.fxgl.cutscene.CutsceneService
16:52:02.702 [FXGL Background Thread 3 ] DEBUG Engine               - class com.almasb.fxgl.minigames.MiniGameService
16:52:02.702 [FXGL Background Thread 3 ] DEBUG Engine               - class com.almasb.fxgl.net.NetService
16:52:02.703 [FXGL Background Thread 3 ] DEBUG Engine               - class com.almasb.fxgl.app.services.UpdaterService
16:52:02.703 [FXGL Background Thread 3 ] DEBUG Engine               - class com.almasb.fxgl.dev.DevService
16:52:03.642 [JavaFX Application Thread] DEBUG PrimaryStageWindow   - Push state: FXGLDefaultMenu
16:52:03.657 [JavaFX Application Thread] DEBUG Input                - Clearing active input actions
16:52:03.671 [JavaFX Application Thread] DEBUG GameApplicationServi - Removing overlay from GameScene and adding to FXGLDefaultMenu
16:52:03.672 [JavaFX Application Thread] DEBUG PrimaryStageWindow   - GameScene -> FXGLDefaultMenu
16:52:04.044 [JavaFX Application Thread] DEBUG PrimaryStageWindow   - Pop state: FXGLDefaultMenu
16:52:04.045 [JavaFX Application Thread] DEBUG Input                - Clearing active input actions
16:52:04.045 [JavaFX Application Thread] DEBUG GameApplicationServi - Removing overlay from FXGLDefaultMenu and adding to GameScene
16:52:04.045 [JavaFX Application Thread] DEBUG PrimaryStageWindow   - GameScene <- FXGLDefaultMenu
16:52:04.298 [JavaFX Application Thread] DEBUG PrimaryStageWindow   - Push state: FXGLDefaultMenu
16:52:04.298 [JavaFX Application Thread] DEBUG Input                - Clearing active input actions
16:52:04.300 [JavaFX Application Thread] DEBUG GameApplicationServi - Removing overlay from GameScene and adding to FXGLDefaultMenu
16:52:04.301 [JavaFX Application Thread] DEBUG PrimaryStageWindow   - GameScene -> FXGLDefaultMenu
16:52:06.766 [JavaFX Application Thread] DEBUG PrimaryStageWindow   - Pop state: FXGLDefaultMenu
16:52:06.779 [JavaFX Application Thread] DEBUG Input                - Clearing active input actions
16:52:06.780 [JavaFX Application Thread] DEBUG GameApplicationServi - Removing overlay from FXGLDefaultMenu and adding to GameScene
16:52:06.781 [JavaFX Application Thread] DEBUG PrimaryStageWindow   - GameScene <- FXGLDefaultMenu
16:52:11.560 [JavaFX Application Thread] DEBUG PrimaryStageWindow   - Push state: FXGLDefaultMenu
16:52:11.560 [JavaFX Application Thread] DEBUG Input                - Clearing active input actions
16:52:11.561 [JavaFX Application Thread] DEBUG GameApplicationServi - Removing overlay from GameScene and adding to FXGLDefaultMenu
16:52:11.562 [JavaFX Application Thread] DEBUG PrimaryStageWindow   - GameScene -> FXGLDefaultMenu
16:52:12.282 [JavaFX Application Thread] DEBUG Menu                 - fireExit()
16:52:12.297 [JavaFX Application Thread] DEBUG PrimaryStageWindow   - Push state: DialogSubScene
16:52:12.297 [JavaFX Application Thread] DEBUG Input                - Clearing active input actions
16:52:12.297 [JavaFX Application Thread] DEBUG GameApplicationServi - Removing overlay from FXGLDefaultMenu and adding to DialogSubScene
16:52:12.297 [JavaFX Application Thread] DEBUG PrimaryStageWindow   - FXGLDefaultMenu -> DialogSubScene
16:52:13.382 [JavaFX Application Thread] DEBUG PrimaryStageWindow   - Pop state: DialogSubScene
16:52:13.383 [JavaFX Application Thread] DEBUG Input                - Clearing active input actions
16:52:13.383 [JavaFX Application Thread] DEBUG GameApplicationServi - Removing overlay from DialogSubScene and adding to FXGLDefaultMenu
16:52:13.384 [JavaFX Application Thread] DEBUG PrimaryStageWindow   - FXGLDefaultMenu <- DialogSubScene
16:52:13.737 [JavaFX Application Thread] DEBUG PrimaryStageWindow   - Pop state: FXGLDefaultMenu
16:52:13.737 [JavaFX Application Thread] DEBUG Input                - Clearing active input actions
16:52:13.738 [JavaFX Application Thread] DEBUG GameApplicationServi - Removing overlay from FXGLDefaultMenu and adding to GameScene
16:52:13.738 [JavaFX Application Thread] DEBUG PrimaryStageWindow   - GameScene <- FXGLDefaultMenu
16:52:18.642 [JavaFX Application Thread] DEBUG PrimaryStageWindow   - Push state: FXGLDefaultMenu
16:52:18.646 [JavaFX Application Thread] DEBUG Input                - Clearing active input actions
16:52:18.665 [JavaFX Application Thread] DEBUG GameApplicationServi - Removing overlay from GameScene and adding to FXGLDefaultMenu
16:52:18.666 [JavaFX Application Thread] DEBUG PrimaryStageWindow   - GameScene -> FXGLDefaultMenu
16:52:29.402 [JavaFX Application Thread] DEBUG FXGLApplication      - Exiting FXGL
16:52:29.406 [JavaFX Application Thread] DEBUG LoopRunner           - Stopping loop
16:52:29.407 [JavaFX Application Thread] DEBUG SystemBundleService  - Saving FXGL system data
16:52:29.665 [JavaFX Application Thread] DEBUG FileSystemAccess     - Writing to: /amuhome/m23006367/IdeaProjects/HopitalFantastique/system/fxgl.bundle
16:52:29.687 [JavaFX Application Thread] DEBUG Async                - Shutting down background threads
16:52:29.687 [JavaFX Application Thread] DEBUG PrimaryStageWindow   - Closing main window
16:52:29.828 [JavaFX Application Thread] DEBUG Logger               - Closing Logger
